<?xml version="1.0" encoding="UTF-8"?>
<testsuite name="firstTask.TestBag" tests="1" skipped="0" failures="0" errors="0" timestamp="2019-04-29T13:54:14" hostname="DESKTOP-NOM83A2" time="0.005">
  <properties/>
  <testcase name="testGetCap" classname="firstTask.TestBag" time="0.005"/>
  <system-out><![CDATA[]]></system-out>
  <system-err><![CDATA[]]></system-err>
</testsuite>
